{
  "stats": {
    "suites": 1,
    "tests": 1,
    "passes": 1,
    "pending": 0,
    "failures": 0,
    "start": "2022-07-13T06:21:32.754Z",
    "end": "2022-07-13T06:21:40.250Z",
    "duration": 7496,
    "testsRegistered": 1,
    "passPercent": 100,
    "pendingPercent": 0,
    "other": 0,
    "hasOther": false,
    "skipped": 0,
    "hasSkipped": false
  },
  "results": [
    {
      "uuid": "460b2d0c-7ca8-429c-87b1-03e73e15a56c",
      "title": "",
      "fullFile": "cypress\\e2e\\playground.cy.js",
      "file": "cypress\\e2e\\playground.cy.js",
      "beforeHooks": [],
      "afterHooks": [],
      "tests": [],
      "suites": [
        {
          "uuid": "2467ad80-e1cb-4872-b82a-c35ed387ee17",
          "title": "Tutorialspoint Test",
          "fullFile": "",
          "file": "",
          "beforeHooks": [],
          "afterHooks": [],
          "tests": [
            {
              "title": "Test Case6",
              "fullTitle": "Tutorialspoint Test Test Case6",
              "timedOut": null,
              "duration": 4312,
              "state": "passed",
              "speed": "fast",
              "pass": true,
              "fail": false,
              "pending": false,
              "context": null,
              "code": "//file to be uploaded path in project folder\nconst p = 'Picture.png'; // launch URL\ncy.visit(\"https://the-internet.herokuapp.com/upload\"); //upload file with attachFile\ncy.get('#file-upload').attachFile(p); //click on upload\ncy.get('#file-submit').click(); //verify uploaded file\ncy.get('#uploaded-files').contains('Picture');",
              "err": {},
              "uuid": "443d2a86-7d81-4afa-99cd-3ea87f978e68",
              "parentUUID": "2467ad80-e1cb-4872-b82a-c35ed387ee17",
              "isHook": false,
              "skipped": false
            }
          ],
          "suites": [],
          "passes": [
            "443d2a86-7d81-4afa-99cd-3ea87f978e68"
          ],
          "failures": [],
          "pending": [],
          "skipped": [],
          "duration": 4312,
          "root": false,
          "rootEmpty": false,
          "_timeout": 2000
        }
      ],
      "passes": [],
      "failures": [],
      "pending": [],
      "skipped": [],
      "duration": 0,
      "root": true,
      "rootEmpty": true,
      "_timeout": 2000
    }
  ],
  "meta": {
    "mocha": {
      "version": "7.0.1"
    },
    "mochawesome": {
      "options": {
        "quiet": false,
        "reportFilename": "mochawesome",
        "saveHtml": false,
        "saveJson": true,
        "consoleReporter": "spec",
        "useInlineDiffs": false,
        "code": true
      },
      "version": "7.1.3"
    },
    "marge": {
      "options": {
        "reportDir": "cypress/results",
        "overwrite": false,
        "html": false,
        "json": true
      },
      "version": "6.2.0"
    }
  }
}