{
  "stats": {
    "suites": 1,
    "tests": 1,
    "passes": 0,
    "pending": 0,
    "failures": 1,
    "start": "2022-07-13T07:39:58.043Z",
    "end": "2022-07-13T07:40:03.677Z",
    "duration": 5634,
    "testsRegistered": 1,
    "passPercent": 0,
    "pendingPercent": 0,
    "other": 0,
    "hasOther": false,
    "skipped": 0,
    "hasSkipped": false
  },
  "results": [
    {
      "uuid": "dbcde262-14e5-4e74-b8a1-5d91d79584a7",
      "title": "",
      "fullFile": "cypress\\e2e\\spec.cy.js",
      "file": "cypress\\e2e\\spec.cy.js",
      "beforeHooks": [],
      "afterHooks": [],
      "tests": [],
      "suites": [
        {
          "uuid": "20a97f60-6194-4daf-a3f8-424418a1d48f",
          "title": "empty spec",
          "fullFile": "",
          "file": "",
          "beforeHooks": [],
          "afterHooks": [],
          "tests": [
            {
              "title": "passes",
              "fullTitle": "empty spec passes",
              "timedOut": null,
              "duration": 5563,
              "state": "failed",
              "speed": null,
              "pass": false,
              "fail": true,
              "pending": false,
              "context": null,
              "code": "cy.visit('http://localhost:3000/');\nconst email = \"Shubha@gmail.com\";\nconst password = \"abcd1234\";\ncy.get('[placeholder=\"email\"]').type(email).should('have.value', email);\ncy.get('[placeholder=\"password\"]').type(password).should('have.value', password); // cy.screenshot()\ncy.get('button').click().should(() => {\n  const jwt = {\n    \"userId\": 1,\n    \"id\": 2,\n    \"title\": \"delectus aut autem\",\n    \"completed\": false\n  };\n  expect(localStorage.getItem('jwt')).to.eq(JSON.stringify(jwt));\n});\ncy.get(':nth-child(5) > li > :nth-child(6)').click(() => {\n  expect(window.alert());\n});\nconst p = 'Picture.png';\ncy.get('.Home > :nth-child(1) > :nth-child(1)').click().attachFile(p);\ncy.get('.Home > :nth-child(1) > :nth-child(3)').click();",
              "err": {
                "message": "AssertionError: Timed out retrying after 4050ms: expected '{\"userId\":1,\"id\":1,\"title\":\"delectus aut autem\",\"completed\":false}' to equal '{\"userId\":1,\"id\":2,\"title\":\"delectus aut autem\",\"completed\":false}'",
                "estack": "AssertionError: Timed out retrying after 4050ms: expected '{\"userId\":1,\"id\":1,\"title\":\"delectus aut autem\",\"completed\":false}' to equal '{\"userId\":1,\"id\":2,\"title\":\"delectus aut autem\",\"completed\":false}'\n    at Context.eval (http://localhost:3000/__cypress/tests?p=cypress\\e2e\\spec.cy.js:117:46)",
                "diff": "- '{\"userId\":1,\"id\":1,\"title\":\"delectus aut autem\",\"completed\":false}'\n+ '{\"userId\":1,\"id\":2,\"title\":\"delectus aut autem\",\"completed\":false}'\n"
              },
              "uuid": "e4fbf6b7-37e2-4a50-9976-965cee2c9210",
              "parentUUID": "20a97f60-6194-4daf-a3f8-424418a1d48f",
              "isHook": false,
              "skipped": false
            }
          ],
          "suites": [],
          "passes": [],
          "failures": [
            "e4fbf6b7-37e2-4a50-9976-965cee2c9210"
          ],
          "pending": [],
          "skipped": [],
          "duration": 5563,
          "root": false,
          "rootEmpty": false,
          "_timeout": 2000
        }
      ],
      "passes": [],
      "failures": [],
      "pending": [],
      "skipped": [],
      "duration": 0,
      "root": true,
      "rootEmpty": true,
      "_timeout": 2000
    }
  ],
  "meta": {
    "mocha": {
      "version": "7.0.1"
    },
    "mochawesome": {
      "options": {
        "quiet": false,
        "reportFilename": "mochawesome",
        "saveHtml": false,
        "saveJson": true,
        "consoleReporter": "spec",
        "useInlineDiffs": false,
        "code": true
      },
      "version": "7.1.3"
    },
    "marge": {
      "options": {
        "reportDir": "cypress/results",
        "overwrite": true,
        "html": false,
        "json": true
      },
      "version": "6.2.0"
    }
  }
}