{
  "stats": {
    "suites": 1,
    "tests": 1,
    "passes": 1,
    "pending": 0,
    "failures": 0,
    "start": "2022-07-13T06:33:50.724Z",
    "end": "2022-07-13T06:33:58.285Z",
    "duration": 7561,
    "testsRegistered": 1,
    "passPercent": 100,
    "pendingPercent": 0,
    "other": 0,
    "hasOther": false,
    "skipped": 0,
    "hasSkipped": false
  },
  "results": [
    {
      "uuid": "e9493b44-4014-4cfe-8fe5-6f236152ebad",
      "title": "",
      "fullFile": "cypress\\e2e\\playground.cy.js",
      "file": "cypress\\e2e\\playground.cy.js",
      "beforeHooks": [],
      "afterHooks": [],
      "tests": [],
      "suites": [
        {
          "uuid": "df5a6f2f-03f1-4d37-ab1e-23b59bc13af4",
          "title": "Tutorialspoint Test",
          "fullFile": "",
          "file": "",
          "beforeHooks": [],
          "afterHooks": [],
          "tests": [
            {
              "title": "Test Case6",
              "fullTitle": "Tutorialspoint Test Test Case6",
              "timedOut": null,
              "duration": 4343,
              "state": "passed",
              "speed": "fast",
              "pass": true,
              "fail": false,
              "pending": false,
              "context": null,
              "code": "//file to be uploaded path in project folder\nconst p = 'Picture.png'; // launch URL\ncy.visit(\"https://the-internet.herokuapp.com/upload\"); //upload file with attachFile\ncy.get('#file-upload').attachFile(p); //click on upload\ncy.get('#file-submit').click(); //verify uploaded file\ncy.get('#uploaded-files').contains('Picture');",
              "err": {},
              "uuid": "3c7afd78-7bb6-4614-9e51-16a44f3fb03c",
              "parentUUID": "df5a6f2f-03f1-4d37-ab1e-23b59bc13af4",
              "isHook": false,
              "skipped": false
            }
          ],
          "suites": [],
          "passes": [
            "3c7afd78-7bb6-4614-9e51-16a44f3fb03c"
          ],
          "failures": [],
          "pending": [],
          "skipped": [],
          "duration": 4343,
          "root": false,
          "rootEmpty": false,
          "_timeout": 2000
        }
      ],
      "passes": [],
      "failures": [],
      "pending": [],
      "skipped": [],
      "duration": 0,
      "root": true,
      "rootEmpty": true,
      "_timeout": 2000
    }
  ],
  "meta": {
    "mocha": {
      "version": "7.0.1"
    },
    "mochawesome": {
      "options": {
        "quiet": false,
        "reportFilename": "mochawesome",
        "saveHtml": false,
        "saveJson": true,
        "consoleReporter": "spec",
        "useInlineDiffs": false,
        "code": true
      },
      "version": "7.1.3"
    },
    "marge": {
      "options": {
        "reportDir": "cypress/results",
        "overwrite": false,
        "html": false,
        "json": true
      },
      "version": "6.2.0"
    }
  }
}